cl : command line warning D9035: option 'Gm' has been deprecated and will be removed in a future release
  main.cpp
  GUI.cpp
E:\ITI\DataStructure (DS)\Final Project\Repo\GUI\GUI.cpp(279,14): warning C4244: 'initializing': conversion from 'double' to 'float', possible loss of data
E:\ITI\DataStructure (DS)\Final Project\Repo\GUI\GUI.cpp(282,28): warning C4305: '+=': truncation from 'double' to 'float'
E:\ITI\DataStructure (DS)\Final Project\Repo\GUI\GUI.cpp(284,24): warning C4244: '=': conversion from 'double' to 'int', possible loss of data
E:\ITI\DataStructure (DS)\Final Project\Repo\GUI\GUI.cpp(285,24): warning C4244: '=': conversion from 'double' to 'int', possible loss of data
  CSquare.cpp
  CHexagon.cpp
E:\ITI\DataStructure (DS)\Final Project\Repo\Figures\CHexagon.cpp(7,15): warning C4244: '=': conversion from 'double' to 'int', possible loss of data
E:\ITI\DataStructure (DS)\Final Project\Repo\Figures\CHexagon.cpp(19,13): warning C4244: 'initializing': conversion from 'double' to 'int', possible loss of data
  CFigure.cpp
  CEllipse.cpp
  ApplicationManager.cpp
  ActionSelectFigure.cpp
  ActionAddSquare.cpp
  ActionAddHexagon.cpp
  ActionAddEllipse.cpp
  Generating Code...
  PT-Project.vcxproj -> E:\ITI\DataStructure (DS)\Final Project\Repo\Debug\PT Project.exe
